<?xml version="1.0" encoding="UTF-8"?>
<testng-results ignored="0" total="3" passed="3" failed="0" skipped="0">
  <reporter-output>
  </reporter-output>
  <suite started-at="2022-04-23T00:09:30 TRT" name="Default suite" finished-at="2022-04-23T00:09:35 TRT" duration-ms="4474">
    <groups>
    </groups>
    <test started-at="2022-04-23T00:09:30 TRT" name="Default test" finished-at="2022-04-23T00:09:35 TRT" duration-ms="4474">
      <class name="files.DynamicJson">
        <test-method signature="addBook(java.lang.String,java.lang.String)[pri:0, instance:files.DynamicJson@4d5b6aac]" started-at="2022-04-23T00:09:30 TRT" name="addBook" data-provider="BooksData" finished-at="2022-04-23T00:09:33 TRT" duration-ms="2919" status="PASS">
          <params>
            <param index="0">
              <value>
                <![CDATA[ojwtc]]>
              </value>
            </param>
            <param index="1">
              <value>
                <![CDATA[9393]]>
              </value>
            </param>
          </params>
          <reporter-output>
          </reporter-output>
        </test-method> <!-- addBook -->
        <test-method signature="addBook(java.lang.String,java.lang.String)[pri:0, instance:files.DynamicJson@4d5b6aac]" started-at="2022-04-23T00:09:33 TRT" name="addBook" data-provider="BooksData" finished-at="2022-04-23T00:09:34 TRT" duration-ms="764" status="PASS">
          <params>
            <param index="0">
              <value>
                <![CDATA[cwteee]]>
              </value>
            </param>
            <param index="1">
              <value>
                <![CDATA[4255]]>
              </value>
            </param>
          </params>
          <reporter-output>
          </reporter-output>
        </test-method> <!-- addBook -->
        <test-method signature="addBook(java.lang.String,java.lang.String)[pri:0, instance:files.DynamicJson@4d5b6aac]" started-at="2022-04-23T00:09:34 TRT" name="addBook" data-provider="BooksData" finished-at="2022-04-23T00:09:35 TRT" duration-ms="753" status="PASS">
          <params>
            <param index="0">
              <value>
                <![CDATA[okkasd]]>
              </value>
            </param>
            <param index="1">
              <value>
                <![CDATA[533]]>
              </value>
            </param>
          </params>
          <reporter-output>
          </reporter-output>
        </test-method> <!-- addBook -->
      </class> <!-- files.DynamicJson -->
    </test> <!-- Default test -->
  </suite> <!-- Default suite -->
</testng-results>
