<?xml version="1.0" encoding="UTF-8"?>
<testng-results ignored="0" total="1" passed="1" failed="0" skipped="0">
  <reporter-output>
  </reporter-output>
  <suite started-at="2022-04-22T17:15:48 TRT" name="Default suite" finished-at="2022-04-22T17:15:50 TRT" duration-ms="1371">
    <groups>
    </groups>
    <test started-at="2022-04-22T17:15:48 TRT" name="Default test" finished-at="2022-04-22T17:15:50 TRT" duration-ms="1371">
      <class name="SumValidation">
        <test-method signature="sumOfCourses()[pri:0, instance:SumValidation@3059cbc]" started-at="2022-04-22T17:15:48 TRT" name="sumOfCourses" finished-at="2022-04-22T17:15:50 TRT" duration-ms="1338" status="PASS">
          <reporter-output>
          </reporter-output>
        </test-method> <!-- sumOfCourses -->
      </class> <!-- SumValidation -->
    </test> <!-- Default test -->
  </suite> <!-- Default suite -->
</testng-results>
