<?xml version="1.0" encoding="UTF-8"?>
<!-- Generated by org.testng.reporters.JUnitXMLReporter -->
<testsuite ignored="0" hostname="DESKTOP-QPL55TO" failures="0" tests="3" name="Default test" time="4.474" errors="0" timestamp="2022-04-23T00:09:35 TRT">
  <testcase classname="files.DynamicJson" name="addBook" time="2.919"/>
  <testcase classname="files.DynamicJson" name="addBook" time="0.764"/>
  <testcase classname="files.DynamicJson" name="addBook" time="0.753"/>
</testsuite> <!-- Default test -->
